<?xml version="1.0" encoding="UTF-8"?>
<!-- Generated by org.testng.reporters.JUnitReportReporter -->
<testsuite hostname="wsa-041-23" failures="0" tests="11" name="MainTest" time="0.004" errors="0" timestamp="2023-10-03T22:10:38 MSK" skipped="0">
  <testcase classname="MainTest" name="testSubtractionMin" time="0.000"/>
  <testcase classname="MainTest" name="testMultiplication0" time="0.000"/>
  <testcase classname="MainTest" name="testSubtraction" time="0.000"/>
  <testcase classname="MainTest" name="testSubtraction0" time="0.001"/>
  <testcase classname="MainTest" name="testSum0" time="0.000"/>
  <testcase classname="MainTest" name="testSumMax" time="0.000"/>
  <testcase classname="MainTest" name="testDivision" time="0.001"/>
  <testcase classname="MainTest" name="testMultiplication" time="0.001"/>
  <testcase classname="MainTest" name="testMultiplication1" time="0.001"/>
  <testcase classname="MainTest" name="testSum" time="0.000"/>
  <testcase classname="MainTest" name="testDivision0" time="0.000"/>
</testsuite> <!-- MainTest -->
