<?xml version="1.0" encoding="UTF-8"?>
<!-- Generated by org.testng.reporters.JUnitReportReporter -->
<testsuite hostname="wsa-041-23" failures="0" tests="2" name="ApacheTest" time="0.011" errors="0" timestamp="2023-10-03T22:10:38 MSK" skipped="0">
  <testcase classname="ApacheTest" name="testAbbreviate10" time="0.010"/>
  <testcase classname="ApacheTest" name="testAbbreviate20" time="0.001"/>
</testsuite> <!-- ApacheTest -->
