<?xml version="1.0" encoding="UTF-8"?>
<!-- Generated by org.testng.reporters.JUnitReportReporter -->
<testsuite hostname="wsa-041-23" failures="0" tests="2" name="GoogleTest" time="10.889" errors="0" timestamp="2023-10-08T18:25:16 MSK" skipped="0">
  <testcase classname="GoogleTest" name="LocatorXPath" time="5.245"/>
  <testcase classname="GoogleTest" name="useDiffSeleniumLocators" time="5.644"/>
</testsuite> <!-- GoogleTest -->
